

                      OTIS SOLUTE TRANSPORT MODEL            
                      Version: MOD40 (May 1997)     
                      -----------------------------


          Runtime Information
          -------------------
          Date and Time :  



          Input Files
          -----------
          PARAMETER FILE: PARAMS.INP                              
          FLOW FILE     : Q.INP                                   



          Input Data
          ----------

          OTIS Parameter Estimation Input                                                 


          Print Option                              :     1
          Requested Print Interval              [hr]:   3.00000E-04
          Integration Time Step                 [hr]:   3.00000E-04
          Starting Time                         [hr]:   0.00000E+00
          Ending Time                           [hr]:   2.48889E+00
          Starting Distance                      [L]:   0.00000E+00
          Downstream Boundary Condition [mass/L^2-s]:   0.00000E+00
          Simulation Type  [dynamic or steady-state]:       Dynamic



          Number of Reaches  :     1


          Reach Information
          -----------------

          Reach   Start    End    Start           End
          No.     Seg.     Seg.   Distance [L]    Distance [L]
          ----------------------------------------------------
              1       1     121        .000         121.000



          Number of Spatial Segments    :  121


          Reach Parameters
          ----------------

          Reach  No.     Reach         Segment      Dispersion
          No.    Segs.   Length [L]    Length [L]   Coeff.[L^2/s]
          --------------------------------------------------------
             1     121      121.000        1.000    1.04128E-01


          Storage Parameters
          ------------------
                 Storage      Storage
          Reach  Zone Area    Rate
          No.    [L^2]        [/sec]
          ---------------------------------
              1  3.18760E-02  5.49830E-02



          Number of Solutes:   1
          Decay Option     :   0
          Sorption Option  :   0



          Number of Print Locations :   1
          Interpolation Option      :   0

          Printing Information
          --------------------
          Requested         Effective
          Print             Print
          Location [L]      Location [L]
          ------------------------------
                55.000            54.500



          Flow and Area Data
          ------------------
          Flow Option                              :   Steady  
          Flow interval                       [hr] :   0.00000E+00


          Initial Flow and Area Values
          ----------------------------

          Flowrate at Upstream Boundary    [L^3/sec]:   2.46400E-03


                    Lateral         Lateral         X-sect.
          Reach     Inflow          Outflow         Area
          No.       [L^3/s-L]       [L^3/s-L]       [L^2]
          -------------------------------------------------------
              1     0.00000E+00     0.00000E+00     3.68690E-02


          Initial Lateral Inflow Concentrations, Solute #  1
          ---------------------------------------------------
                     Inflow
          Reach      Concent.
          No.        [mass/L^3]
          -----------------------
             1       0.00000E+00


          Number of Upstream Boundary Conditions:   3
          Boundary Condition Option             :   1


          Upstream Boundary Conditions, Solute #  1
          -------------------------------------------
          Begin                Concentration
          Time [hour]          [mass/L^3]
          ----------------------------------
           0.0000E+00           0.0000E+00
           3.0000E-04           2.4618E+04
           6.0000E-04           0.0000E+00


          Output Files for Solutes
          ------------------------
          Solute #            File Name
          ---------------------------------
                1             soluteout.out                           


          Initial Conditions at the Print Locations
          -----------------------------------------

          Location  Prev.    Inter.         Flow
          [L]       Seg.     Weight        [L^3/sec]
          ----------------------------------------------
              54.50    55   0.000000E+00   2.464000E-03


          Initial Conditions, Solute #  1
          --------------------------------
                              Concentration
          Location        Channel       Storage
          [L]            [mass/L^3]    [mass/L^3]
          -----------------------------------------
              54.50       0.000E+00
